# JRE version: Java(TM) SE Runtime Environment (8.0_112-b15) (build 1.8.0_112-b15)
# Java VM: Java HotSpot(TM) 64-Bit Server VM (25.112-b15 mixed mode windows-amd64 compressed oops)
Heap:
 PSYoungGen      total 58368K, used 21855K [0x00000007bc400000, 0x00000007c0000000, 0x00000007c0000000)
  eden space 55296K, 36% used [0x00000007bc400000,0x00000007bd7dff10,0x00000007bfa00000)
  from space 3072K, 48% used [0x00000007bfa00000,0x00000007bfb78000,0x00000007bfd00000)
  to   space 3072K, 0% used [0x00000007bfd00000,0x00000007bfd00000,0x00000007c0000000)
 ParOldGen       total 285696K, used 155339K [0x0000000700000000, 0x0000000711700000, 0x00000007bc400000)
  object space 285696K, 54% used [0x0000000700000000,0x00000007097b2f78,0x0000000711700000)
 Metaspace       used 89722K, capacity 90487K, committed 91264K, reserved 1126400K
  class space    used 13213K, capacity 13373K, committed 13440K, reserved 1048576K
GC Heap History (10 events):
Event: 232983.180 GC heap before
{Heap before GC invocations=407 (full 50):
 PSYoungGen      total 57856K, used 55200K [0x00000007bc400000, 0x00000007c0000000, 0x00000007c0000000)
  eden space 53760K, 100% used [0x00000007bc400000,0x00000007bf880000,0x00000007bf880000)
  from space 4096K, 35% used [0x00000007bfc00000,0x00000007bfd68000,0x00000007c0000000)
  to   space 3584K, 0% used [0x00000007bf880000,0x00000007bf880000,0x00000007bfc00000)
 ParOldGen       total 285696K, used 155075K [0x0000000700000000, 0x0000000711700000, 0x00000007bc400000)
  object space 285696K, 54% used [0x0000000700000000,0x0000000709770f78,0x0000000711700000)
 Metaspace       used 89657K, capacity 90413K, committed 91264K, reserved 1126400K
  class space    used 13206K, capacity 13372K, committed 13440K, reserved 1048576K
Event: 232983.185 GC heap after
Heap after GC invocations=407 (full 50):
 PSYoungGen      total 57344K, used 1120K [0x00000007bc400000, 0x00000007c0000000, 0x00000007c0000000)
  eden space 53760K, 0% used [0x00000007bc400000,0x00000007bc400000,0x00000007bf880000)
  from space 3584K, 31% used [0x00000007bf880000,0x00000007bf998000,0x00000007bfc00000)
  to   space 3584K, 0% used [0x00000007bfc80000,0x00000007bfc80000,0x00000007c0000000)
 ParOldGen       total 285696K, used 155107K [0x0000000700000000, 0x0000000711700000, 0x00000007bc400000)
  object space 285696K, 54% used [0x0000000700000000,0x0000000709778f78,0x0000000711700000)
 Metaspace       used 89657K, capacity 90413K, committed 91264K, reserved 1126400K
  class space    used 13206K, capacity 13372K, committed 13440K, reserved 1048576K
}
Event: 232996.315 GC heap before
{Heap before GC invocations=408 (full 50):
 PSYoungGen      total 57344K, used 54880K [0x00000007bc400000, 0x00000007c0000000, 0x00000007c0000000)
  eden space 53760K, 100% used [0x00000007bc400000,0x00000007bf880000,0x00000007bf880000)
  from space 3584K, 31% used [0x00000007bf880000,0x00000007bf998000,0x00000007bfc00000)
  to   space 3584K, 0% used [0x00000007bfc80000,0x00000007bfc80000,0x00000007c0000000)
 ParOldGen       total 285696K, used 155107K [0x0000000700000000, 0x0000000711700000, 0x00000007bc400000)
  object space 285696K, 54% used [0x0000000700000000,0x0000000709778f78,0x0000000711700000)
 Metaspace       used 89688K, capacity 90487K, committed 91264K, reserved 1126400K
  class space    used 13206K, capacity 13373K, committed 13440K, reserved 1048576K
Event: 232996.321 GC heap after
Heap after GC invocations=408 (full 50):
 PSYoungGen      total 57856K, used 960K [0x00000007bc400000, 0x00000007c0000000, 0x00000007c0000000)
  eden space 54272K, 0% used [0x00000007bc400000,0x00000007bc400000,0x00000007bf900000)
  from space 3584K, 26% used [0x00000007bfc80000,0x00000007bfd70000,0x00000007c0000000)
  to   space 3584K, 0% used [0x00000007bf900000,0x00000007bf900000,0x00000007bfc80000)
 ParOldGen       total 285696K, used 155235K [0x0000000700000000, 0x0000000711700000, 0x00000007bc400000)
  object space 285696K, 54% used [0x0000000700000000,0x0000000709798f78,0x0000000711700000)
 Metaspace       used 89688K, capacity 90487K, committed 91264K, reserved 1126400K
  class space    used 13206K, capacity 13373K, committed 13440K, reserved 1048576K
}
Event: 232999.486 GC heap before
{Heap before GC invocations=409 (full 50):
 PSYoungGen      total 57856K, used 55232K [0x00000007bc400000, 0x00000007c0000000, 0x00000007c0000000)
  eden space 54272K, 100% used [0x00000007bc400000,0x00000007bf900000,0x00000007bf900000)
  from space 3584K, 26% used [0x00000007bfc80000,0x00000007bfd70000,0x00000007c0000000)
  to   space 3584K, 0% used [0x00000007bf900000,0x00000007bf900000,0x00000007bfc80000)
 ParOldGen       total 285696K, used 155235K [0x0000000700000000, 0x0000000711700000, 0x00000007bc400000)
  object space 285696K, 54% used [0x0000000700000000,0x0000000709798f78,0x0000000711700000)
 Metaspace       used 89706K, capacity 90487K, committed 91264K, reserved 1126400K
  class space    used 13206K, capacity 13373K, committed 13440K, reserved 1048576K
Event: 232999.496 GC heap after
Heap after GC invocations=409 (full 50):
 PSYoungGen      total 57856K, used 1376K [0x00000007bc400000, 0x00000007c0000000, 0x00000007c0000000)
  eden space 54272K, 0% used [0x00000007bc400000,0x00000007bc400000,0x00000007bf900000)
  from space 3584K, 38% used [0x00000007bf900000,0x00000007bfa58000,0x00000007bfc80000)
  to   space 3072K, 0% used [0x00000007bfd00000,0x00000007bfd00000,0x00000007c0000000)
 ParOldGen       total 285696K, used 155243K [0x0000000700000000, 0x0000000711700000, 0x00000007bc400000)
  object space 285696K, 54% used [0x0000000700000000,0x000000070979af78,0x0000000711700000)
 Metaspace       used 89706K, capacity 90487K, committed 91264K, reserved 1126400K
  class space    used 13206K, capacity 13373K, committed 13440K, reserved 1048576K
}
Event: 233001.196 GC heap before
{Heap before GC invocations=410 (full 50):
 PSYoungGen      total 57856K, used 55648K [0x00000007bc400000, 0x00000007c0000000, 0x00000007c0000000)
  eden space 54272K, 100% used [0x00000007bc400000,0x00000007bf900000,0x00000007bf900000)
  from space 3584K, 38% used [0x00000007bf900000,0x00000007bfa58000,0x00000007bfc80000)
  to   space 3072K, 0% used [0x00000007bfd00000,0x00000007bfd00000,0x00000007c0000000)
 ParOldGen       total 285696K, used 155243K [0x0000000700000000, 0x0000000711700000, 0x00000007bc400000)
  object space 285696K, 54% used [0x0000000700000000,0x000000070979af78,0x0000000711700000)
 Metaspace       used 89707K, capacity 90487K, committed 91264K, reserved 1126400K
  class space    used 13206K, capacity 13373K, committed 13440K, reserved 1048576K
Event: 233001.210 GC heap after
Heap after GC invocations=410 (full 50):
 PSYoungGen      total 58368K, used 1568K [0x00000007bc400000, 0x00000007c0000000, 0x00000007c0000000)
  eden space 55296K, 0% used [0x00000007bc400000,0x00000007bc400000,0x00000007bfa00000)
  from space 3072K, 51% used [0x00000007bfd00000,0x00000007bfe88000,0x00000007c0000000)
  to   space 3072K, 0% used [0x00000007bfa00000,0x00000007bfa00000,0x00000007bfd00000)
 ParOldGen       total 285696K, used 155259K [0x0000000700000000, 0x0000000711700000, 0x00000007bc400000)
  object space 285696K, 54% used [0x0000000700000000,0x000000070979ef78,0x0000000711700000)
 Metaspace       used 89707K, capacity 90487K, committed 91264K, reserved 1126400K
  class space    used 13206K, capacity 13373K, committed 13440K, reserved 1048576K
}
Event: 233004.243 GC heap before
{Heap before GC invocations=411 (full 50):
 PSYoungGen      total 58368K, used 56864K [0x00000007bc400000, 0x00000007c0000000, 0x00000007c0000000)
  eden space 55296K, 100% used [0x00000007bc400000,0x00000007bfa00000,0x00000007bfa00000)
  from space 3072K, 51% used [0x00000007bfd00000,0x00000007bfe88000,0x00000007c0000000)
  to   space 3072K, 0% used [0x00000007bfa00000,0x00000007bfa00000,0x00000007bfd00000)
 ParOldGen       total 285696K, used 155259K [0x0000000700000000, 0x0000000711700000, 0x00000007bc400000)
  object space 285696K, 54% used [0x0000000700000000,0x000000070979ef78,0x0000000711700000)
 Metaspace       used 89720K, capacity 90487K, committed 91264K, reserved 1126400K
  class space    used 13213K, capacity 13373K, committed 13440K, reserved 1048576K
Event: 233004.257 GC heap after
Heap after GC invocations=411 (full 50):
 PSYoungGen      total 58368K, used 1504K [0x00000007bc400000, 0x00000007c0000000, 0x00000007c0000000)
  eden space 55296K, 0% used [0x00000007bc400000,0x00000007bc400000,0x00000007bfa00000)
  from space 3072K, 48% used [0x00000007bfa00000,0x00000007bfb78000,0x00000007bfd00000)
  to   space 3072K, 0% used [0x00000007bfd00000,0x00000007bfd00000,0x00000007c0000000)
 ParOldGen       total 285696K, used 155339K [0x0000000700000000, 0x0000000711700000, 0x00000007bc400000)
  object space 285696K, 54% used [0x0000000700000000,0x00000007097b2f78,0x0000000711700000)
 Metaspace       used 89720K, capacity 90487K, committed 91264K, reserved 1126400K
  class space    used 13213K, capacity 13373K, committed 13440K, reserved 1048576K
}

